<?xml version="1.0" encoding="UTF-8"?>
<!-- Generated by org.testng.reporters.JUnitReportReporter -->
<testsuite hostname="LAPTOP-7HTUGT1K" failures="0" tests="2" name="automation.Mavenjava.AppiumTest" time="0.005" errors="0" timestamp="2023-04-21T13:30:52 EDT" skipped="0">
  <testcase classname="automation.Mavenjava.AppiumTest" name="IOSApps" time="0.003"/>
  <system-out/>
  <testcase classname="automation.Mavenjava.AppiumTest" name="NativeAPpAndroid" time="0.002"/>
  <system-out/>
</testsuite> <!-- automation.Mavenjava.AppiumTest -->
