<?xml version="1.0" encoding="UTF-8"?>
<!-- Generated by org.testng.reporters.JUnitReportReporter -->
<testsuite hostname="LAPTOP-7HTUGT1K" failures="0" tests="2" name="automation.Mavenjava.SeleniumTest" time="0.016" errors="0" timestamp="2023-04-21T13:32:20 EDT" skipped="0">
  <testcase classname="automation.Mavenjava.SeleniumTest" name="elementsUi" time="0.002"/>
  <system-out/>
  <testcase classname="automation.Mavenjava.SeleniumTest" name="BrowserAUtomation" time="0.014"/>
  <system-out/>
</testsuite> <!-- automation.Mavenjava.SeleniumTest -->
