<?xml version="1.0" encoding="UTF-8"?>
<!-- Generated by org.testng.reporters.JUnitReportReporter -->
<testsuite hostname="LAPTOP-7HTUGT1K" failures="0" tests="1" name="test.day2" time="0.002" errors="0" timestamp="2023-01-17T08:32:52 EST" skipped="0">
  <testcase classname="test.day2" name="ploan" time="0.002"/>
  <system-out/>
</testsuite> <!-- test.day2 -->
